/Users/mattspell/.rvm/gems/ruby-2.1.2@hotornot/gems/activerecord-4.1.4/lib/active_record/connection_adapters/connection_specification.rb:257:in `resolve_symbol_connection': 'production' database is not configured. Available: ["default", "development", "test"] (ActiveRecord::AdapterNotSpecified)
	from /Users/mattspell/.rvm/gems/ruby-2.1.2@hotornot/gems/activerecord-4.1.4/lib/active_record/connection_adapters/connection_specification.rb:224:in `resolve_connection'
	from /Users/mattspell/.rvm/gems/ruby-2.1.2@hotornot/gems/activerecord-4.1.4/lib/active_record/connection_adapters/connection_specification.rb:152:in `resolve'
	from /Users/mattspell/.rvm/gems/ruby-2.1.2@hotornot/gems/activerecord-4.1.4/lib/active_record/connection_adapters/connection_specification.rb:182:in `spec'
	from /Users/mattspell/.rvm/gems/ruby-2.1.2@hotornot/gems/activerecord-4.1.4/lib/active_record/connection_handling.rb:50:in `establish_connection'
	from /Users/mattspell/.rvm/gems/ruby-2.1.2@hotornot/gems/activerecord-4.1.4/lib/active_record/railtie.rb:129:in `block (2 levels) in <class:Railtie>'
	from /Users/mattspell/.rvm/gems/ruby-2.1.2@hotornot/gems/activesupport-4.1.4/lib/active_support/lazy_load_hooks.rb:38:in `instance_eval'
	from /Users/mattspell/.rvm/gems/ruby-2.1.2@hotornot/gems/activesupport-4.1.4/lib/active_support/lazy_load_hooks.rb:38:in `execute_hook'
	from /Users/mattspell/.rvm/gems/ruby-2.1.2@hotornot/gems/activesupport-4.1.4/lib/active_support/lazy_load_hooks.rb:45:in `block in run_load_hooks'
	from /Users/mattspell/.rvm/gems/ruby-2.1.2@hotornot/gems/activesupport-4.1.4/lib/active_support/lazy_load_hooks.rb:44:in `each'
	from /Users/mattspell/.rvm/gems/ruby-2.1.2@hotornot/gems/activesupport-4.1.4/lib/active_support/lazy_load_hooks.rb:44:in `run_load_hooks'
	from /Users/mattspell/.rvm/gems/ruby-2.1.2@hotornot/gems/activerecord-4.1.4/lib/active_record/base.rb:326:in `<module:ActiveRecord>'
	from /Users/mattspell/.rvm/gems/ruby-2.1.2@hotornot/gems/activerecord-4.1.4/lib/active_record/base.rb:23:in `<top (required)>'
	from /Users/mattspell/.rvm/gems/ruby-2.1.2@hotornot/gems/devise-3.3.0/lib/devise/orm/active_record.rb:3:in `<top (required)>'
	from /Users/mattspell/.rvm/gems/ruby-2.1.2@hotornot/gems/activesupport-4.1.4/lib/active_support/dependencies.rb:247:in `require'
	from /Users/mattspell/.rvm/gems/ruby-2.1.2@hotornot/gems/activesupport-4.1.4/lib/active_support/dependencies.rb:247:in `block in require'
	from /Users/mattspell/.rvm/gems/ruby-2.1.2@hotornot/gems/activesupport-4.1.4/lib/active_support/dependencies.rb:232:in `load_dependency'
	from /Users/mattspell/.rvm/gems/ruby-2.1.2@hotornot/gems/activesupport-4.1.4/lib/active_support/dependencies.rb:247:in `require'
	from /Users/mattspell/Documents/rubystuff/hot-or-not/config/initializers/devise.rb:22:in `block in <top (required)>'
	from /Users/mattspell/.rvm/gems/ruby-2.1.2@hotornot/gems/devise-3.3.0/lib/devise.rb:292:in `setup'
	from /Users/mattspell/Documents/rubystuff/hot-or-not/config/initializers/devise.rb:3:in `<top (required)>'
	from /Users/mattspell/.rvm/gems/ruby-2.1.2@hotornot/gems/activesupport-4.1.4/lib/active_support/dependencies.rb:241:in `load'
	from /Users/mattspell/.rvm/gems/ruby-2.1.2@hotornot/gems/activesupport-4.1.4/lib/active_support/dependencies.rb:241:in `block in load'
	from /Users/mattspell/.rvm/gems/ruby-2.1.2@hotornot/gems/activesupport-4.1.4/lib/active_support/dependencies.rb:232:in `load_dependency'
	from /Users/mattspell/.rvm/gems/ruby-2.1.2@hotornot/gems/activesupport-4.1.4/lib/active_support/dependencies.rb:241:in `load'
	from /Users/mattspell/.rvm/gems/ruby-2.1.2@hotornot/gems/railties-4.1.4/lib/rails/engine.rb:648:in `block in load_config_initializer'
	from /Users/mattspell/.rvm/gems/ruby-2.1.2@hotornot/gems/activesupport-4.1.4/lib/active_support/notifications.rb:161:in `instrument'
	from /Users/mattspell/.rvm/gems/ruby-2.1.2@hotornot/gems/railties-4.1.4/lib/rails/engine.rb:647:in `load_config_initializer'
	from /Users/mattspell/.rvm/gems/ruby-2.1.2@hotornot/gems/railties-4.1.4/lib/rails/engine.rb:612:in `block (2 levels) in <class:Engine>'
	from /Users/mattspell/.rvm/gems/ruby-2.1.2@hotornot/gems/railties-4.1.4/lib/rails/engine.rb:611:in `each'
	from /Users/mattspell/.rvm/gems/ruby-2.1.2@hotornot/gems/railties-4.1.4/lib/rails/engine.rb:611:in `block in <class:Engine>'
	from /Users/mattspell/.rvm/gems/ruby-2.1.2@hotornot/gems/railties-4.1.4/lib/rails/initializable.rb:30:in `instance_exec'
	from /Users/mattspell/.rvm/gems/ruby-2.1.2@hotornot/gems/railties-4.1.4/lib/rails/initializable.rb:30:in `run'
	from /Users/mattspell/.rvm/gems/ruby-2.1.2@hotornot/gems/railties-4.1.4/lib/rails/initializable.rb:55:in `block in run_initializers'
	from /Users/mattspell/.rvm/rubies/ruby-2.1.2/lib/ruby/2.1.0/tsort.rb:226:in `block in tsort_each'
	from /Users/mattspell/.rvm/rubies/ruby-2.1.2/lib/ruby/2.1.0/tsort.rb:348:in `block (2 levels) in each_strongly_connected_component'
	from /Users/mattspell/.rvm/rubies/ruby-2.1.2/lib/ruby/2.1.0/tsort.rb:418:in `block (2 levels) in each_strongly_connected_component_from'
	from /Users/mattspell/.rvm/rubies/ruby-2.1.2/lib/ruby/2.1.0/tsort.rb:427:in `each_strongly_connected_component_from'
	from /Users/mattspell/.rvm/rubies/ruby-2.1.2/lib/ruby/2.1.0/tsort.rb:417:in `block in each_strongly_connected_component_from'
	from /Users/mattspell/.rvm/gems/ruby-2.1.2@hotornot/gems/railties-4.1.4/lib/rails/initializable.rb:44:in `each'
	from /Users/mattspell/.rvm/gems/ruby-2.1.2@hotornot/gems/railties-4.1.4/lib/rails/initializable.rb:44:in `tsort_each_child'
	from /Users/mattspell/.rvm/rubies/ruby-2.1.2/lib/ruby/2.1.0/tsort.rb:411:in `call'
	from /Users/mattspell/.rvm/rubies/ruby-2.1.2/lib/ruby/2.1.0/tsort.rb:411:in `each_strongly_connected_component_from'
	from /Users/mattspell/.rvm/rubies/ruby-2.1.2/lib/ruby/2.1.0/tsort.rb:347:in `block in each_strongly_connected_component'
	from /Users/mattspell/.rvm/rubies/ruby-2.1.2/lib/ruby/2.1.0/tsort.rb:345:in `each'
	from /Users/mattspell/.rvm/rubies/ruby-2.1.2/lib/ruby/2.1.0/tsort.rb:345:in `call'
	from /Users/mattspell/.rvm/rubies/ruby-2.1.2/lib/ruby/2.1.0/tsort.rb:345:in `each_strongly_connected_component'
	from /Users/mattspell/.rvm/rubies/ruby-2.1.2/lib/ruby/2.1.0/tsort.rb:224:in `tsort_each'
	from /Users/mattspell/.rvm/rubies/ruby-2.1.2/lib/ruby/2.1.0/tsort.rb:205:in `tsort_each'
	from /Users/mattspell/.rvm/gems/ruby-2.1.2@hotornot/gems/railties-4.1.4/lib/rails/initializable.rb:54:in `run_initializers'
	from /Users/mattspell/.rvm/gems/ruby-2.1.2@hotornot/gems/railties-4.1.4/lib/rails/application.rb:300:in `initialize!'
	from /Users/mattspell/Documents/rubystuff/hot-or-not/config/environment.rb:5:in `<top (required)>'
	from /Users/mattspell/.rvm/gems/ruby-2.1.2@hotornot/gems/activesupport-4.1.4/lib/active_support/dependencies.rb:247:in `require'
	from /Users/mattspell/.rvm/gems/ruby-2.1.2@hotornot/gems/activesupport-4.1.4/lib/active_support/dependencies.rb:247:in `block in require'
	from /Users/mattspell/.rvm/gems/ruby-2.1.2@hotornot/gems/activesupport-4.1.4/lib/active_support/dependencies.rb:232:in `load_dependency'
	from /Users/mattspell/.rvm/gems/ruby-2.1.2@hotornot/gems/activesupport-4.1.4/lib/active_support/dependencies.rb:247:in `require'
	from /Users/mattspell/.rvm/gems/ruby-2.1.2@hotornot/gems/spring-1.1.3/lib/spring/application.rb:92:in `preload'
	from /Users/mattspell/.rvm/gems/ruby-2.1.2@hotornot/gems/spring-1.1.3/lib/spring/application.rb:140:in `serve'
	from /Users/mattspell/.rvm/gems/ruby-2.1.2@hotornot/gems/spring-1.1.3/lib/spring/application.rb:128:in `block in run'
	from /Users/mattspell/.rvm/gems/ruby-2.1.2@hotornot/gems/spring-1.1.3/lib/spring/application.rb:122:in `loop'
	from /Users/mattspell/.rvm/gems/ruby-2.1.2@hotornot/gems/spring-1.1.3/lib/spring/application.rb:122:in `run'
	from /Users/mattspell/.rvm/gems/ruby-2.1.2@hotornot/gems/spring-1.1.3/lib/spring/application/boot.rb:18:in `<top (required)>'
	from /Users/mattspell/.rvm/rubies/ruby-2.1.2/lib/ruby/2.1.0/rubygems/core_ext/kernel_require.rb:55:in `require'
	from /Users/mattspell/.rvm/rubies/ruby-2.1.2/lib/ruby/2.1.0/rubygems/core_ext/kernel_require.rb:55:in `require'
	from -e:1:in `<main>'
WARNING: Use strings for Figaro configuration. 274309366111755 was converted to "274309366111755".
